


ARM Macro Assembler    Page 1 


    1 00000000                 PRESERVE8
    2 00000000                 THUMB
    3 00000000         
    4 00000000         
    5 00000000         ; ====================== zone de réservation de données,
                         ======================================
    6 00000000         ;Section RAM (read only) :
    7 00000000                 area             mesdata,data,readonly
    8 00000000         
    9 00000000         
   10 00000000         ;Section RAM (read write):
   11 00000000                 area             maram,data,readwrite
   12 00000000         
   13 00000000         
   14 00000000         ; ======================================================
                       =========================================
   15 00000000         
   16 00000000         
   17 00000000         
   18 00000000         
   19 00000000         ;Section ROM code (read only) :  
   20 00000000                 area             moncode,code,readonly
   21 00000000         ; écrire le code ici  
   22 00000000         
   23 00000000         
   24 00000000                 IMPORT           LeSignal
   25 00000000                 EXPORT           DFT_ModuleAuCarre
   26 00000000         
   27 00000000         DFT_ModuleAuCarre
                               proc
   28 00000000 E92D 01F0       push             {r4-r8}
   29 00000004 F04F 0000       mov              r0 , #0     ; r0 va nous servir
                                                             d'index
   30 00000008 4908            ldr              r1 ,= LeSignal ; On garde l'adr
                                                            esse du signal
   31 0000000A F04F 0200       mov              r2 , #0     ; On garde ici la s
                                                            omme reelle
   32 0000000E F04F 0300       mov              r3 , #0     ; On garde ici la s
                                                            omme imaginaire
   33 00000012 F04F 0540       mov              r5, #64
   34 00000016         debut
   35 00000016 42A8            cmp              r0, r5
   36 00000018 DA04            bge              fin
   37 0000001A 5E0C            ldrsh            r4 , [r1, r0] ; Je lis un eleme
                                                            nt du signal
   38 0000001C 4422            add              r2, r4
   39 0000001E         
   40 0000001E F100 0001       add              r0, #1
   41 00000022 E7F8            b                debut
   42 00000024         
   43 00000024         fin
   44 00000024 E8BD 01F0       pop              {r4-r8}
   45 00000028 4770            bx               lr
   46 0000002A         
   47 0000002A                 endp
   48 0000002A         
   49 0000002A         
   50 0000002A         
   51 0000002A         ;Section ROM code (read only) :  



ARM Macro Assembler    Page 2 


   52 0000002A 00 00 00000000  AREA             Trigo, DATA, READONLY
   53 00000000         ; codage fractionnaire 1.15
   54 00000000         
   55 00000000         TabCos
   56 00000000 FF 7F           DCW              32767       ;  0 0x7fff  0.9999
                                                            7
   57 00000002 62 7F           DCW              32610       ;  1 0x7f62  0.9951
                                                            8
   58 00000004 8A 7D           DCW              32138       ;  2 0x7d8a  0.9807
                                                            7
   59 00000006 7D 7A           DCW              31357       ;  3 0x7a7d  0.9569
                                                            4
   60 00000008 42 76           DCW              30274       ;  4 0x7642  0.9238
                                                            9
   61 0000000A E3 70           DCW              28899       ;  5 0x70e3  0.8819
                                                            3
   62 0000000C 6E 6A           DCW              27246       ;  6 0x6a6e  0.8314
                                                            8
   63 0000000E F2 62           DCW              25330       ;  7 0x62f2  0.7730
                                                            1
   64 00000010 82 5A           DCW              23170       ;  8 0x5a82  0.7070
                                                            9
   65 00000012 34 51           DCW              20788       ;  9 0x5134  0.6344
                                                            0
   66 00000014 1D 47           DCW              18205       ; 10 0x471d  0.5555
                                                            7
   67 00000016 57 3C           DCW              15447       ; 11 0x3c57  0.4714
                                                            1
   68 00000018 FC 30           DCW              12540       ; 12 0x30fc  0.3826
                                                            9
   69 0000001A 28 25           DCW              9512        ; 13 0x2528  0.2902
                                                            8
   70 0000001C F9 18           DCW              6393        ; 14 0x18f9  0.1951
                                                            0
   71 0000001E 8C 0C           DCW              3212        ; 15 0x0c8c  0.0980
                                                            2
   72 00000020 00 00           DCW              0           ; 16 0x0000  0.0000
                                                            0
   73 00000022 74 F3           DCW              -3212       ; 17 0xf374 -0.0980
                                                            2
   74 00000024 07 E7           DCW              -6393       ; 18 0xe707 -0.1951
                                                            0
   75 00000026 D8 DA           DCW              -9512       ; 19 0xdad8 -0.2902
                                                            8
   76 00000028 04 CF           DCW              -12540      ; 20 0xcf04 -0.3826
                                                            9
   77 0000002A A9 C3           DCW              -15447      ; 21 0xc3a9 -0.4714
                                                            1
   78 0000002C E3 B8           DCW              -18205      ; 22 0xb8e3 -0.5555
                                                            7
   79 0000002E CC AE           DCW              -20788      ; 23 0xaecc -0.6344
                                                            0
   80 00000030 7E A5           DCW              -23170      ; 24 0xa57e -0.7070
                                                            9
   81 00000032 0E 9D           DCW              -25330      ; 25 0x9d0e -0.7730
                                                            1
   82 00000034 92 95           DCW              -27246      ; 26 0x9592 -0.8314
                                                            8
   83 00000036 1D 8F           DCW              -28899      ; 27 0x8f1d -0.8819



ARM Macro Assembler    Page 3 


                                                            3
   84 00000038 BE 89           DCW              -30274      ; 28 0x89be -0.9238
                                                            9
   85 0000003A 83 85           DCW              -31357      ; 29 0x8583 -0.9569
                                                            4
   86 0000003C 76 82           DCW              -32138      ; 30 0x8276 -0.9807
                                                            7
   87 0000003E 9E 80           DCW              -32610      ; 31 0x809e -0.9951
                                                            8
   88 00000040 00 80           DCW              -32768      ; 32 0x8000 -1.0000
                                                            0
   89 00000042 9E 80           DCW              -32610      ; 33 0x809e -0.9951
                                                            8
   90 00000044 76 82           DCW              -32138      ; 34 0x8276 -0.9807
                                                            7
   91 00000046 83 85           DCW              -31357      ; 35 0x8583 -0.9569
                                                            4
   92 00000048 BE 89           DCW              -30274      ; 36 0x89be -0.9238
                                                            9
   93 0000004A 1D 8F           DCW              -28899      ; 37 0x8f1d -0.8819
                                                            3
   94 0000004C 92 95           DCW              -27246      ; 38 0x9592 -0.8314
                                                            8
   95 0000004E 0E 9D           DCW              -25330      ; 39 0x9d0e -0.7730
                                                            1
   96 00000050 7E A5           DCW              -23170      ; 40 0xa57e -0.7070
                                                            9
   97 00000052 CC AE           DCW              -20788      ; 41 0xaecc -0.6344
                                                            0
   98 00000054 E3 B8           DCW              -18205      ; 42 0xb8e3 -0.5555
                                                            7
   99 00000056 A9 C3           DCW              -15447      ; 43 0xc3a9 -0.4714
                                                            1
  100 00000058 04 CF           DCW              -12540      ; 44 0xcf04 -0.3826
                                                            9
  101 0000005A D8 DA           DCW              -9512       ; 45 0xdad8 -0.2902
                                                            8
  102 0000005C 07 E7           DCW              -6393       ; 46 0xe707 -0.1951
                                                            0
  103 0000005E 74 F3           DCW              -3212       ; 47 0xf374 -0.0980
                                                            2
  104 00000060 00 00           DCW              0           ; 48 0x0000  0.0000
                                                            0
  105 00000062 8C 0C           DCW              3212        ; 49 0x0c8c  0.0980
                                                            2
  106 00000064 F9 18           DCW              6393        ; 50 0x18f9  0.1951
                                                            0
  107 00000066 28 25           DCW              9512        ; 51 0x2528  0.2902
                                                            8
  108 00000068 FC 30           DCW              12540       ; 52 0x30fc  0.3826
                                                            9
  109 0000006A 57 3C           DCW              15447       ; 53 0x3c57  0.4714
                                                            1
  110 0000006C 1D 47           DCW              18205       ; 54 0x471d  0.5555
                                                            7
  111 0000006E 34 51           DCW              20788       ; 55 0x5134  0.6344
                                                            0
  112 00000070 82 5A           DCW              23170       ; 56 0x5a82  0.7070
                                                            9



ARM Macro Assembler    Page 4 


  113 00000072 F2 62           DCW              25330       ; 57 0x62f2  0.7730
                                                            1
  114 00000074 6E 6A           DCW              27246       ; 58 0x6a6e  0.8314
                                                            8
  115 00000076 E3 70           DCW              28899       ; 59 0x70e3  0.8819
                                                            3
  116 00000078 42 76           DCW              30274       ; 60 0x7642  0.9238
                                                            9
  117 0000007A 7D 7A           DCW              31357       ; 61 0x7a7d  0.9569
                                                            4
  118 0000007C 8A 7D           DCW              32138       ; 62 0x7d8a  0.9807
                                                            7
  119 0000007E 62 7F           DCW              32610       ; 63 0x7f62  0.9951
                                                            8
  120 00000080         TabSin
  121 00000080 00 00           DCW              0           ;  0 0x0000  0.0000
                                                            0
  122 00000082 8C 0C           DCW              3212        ;  1 0x0c8c  0.0980
                                                            2
  123 00000084 F9 18           DCW              6393        ;  2 0x18f9  0.1951
                                                            0
  124 00000086 28 25           DCW              9512        ;  3 0x2528  0.2902
                                                            8
  125 00000088 FC 30           DCW              12540       ;  4 0x30fc  0.3826
                                                            9
  126 0000008A 57 3C           DCW              15447       ;  5 0x3c57  0.4714
                                                            1
  127 0000008C 1D 47           DCW              18205       ;  6 0x471d  0.5555
                                                            7
  128 0000008E 34 51           DCW              20788       ;  7 0x5134  0.6344
                                                            0
  129 00000090 82 5A           DCW              23170       ;  8 0x5a82  0.7070
                                                            9
  130 00000092 F2 62           DCW              25330       ;  9 0x62f2  0.7730
                                                            1
  131 00000094 6E 6A           DCW              27246       ; 10 0x6a6e  0.8314
                                                            8
  132 00000096 E3 70           DCW              28899       ; 11 0x70e3  0.8819
                                                            3
  133 00000098 42 76           DCW              30274       ; 12 0x7642  0.9238
                                                            9
  134 0000009A 7D 7A           DCW              31357       ; 13 0x7a7d  0.9569
                                                            4
  135 0000009C 8A 7D           DCW              32138       ; 14 0x7d8a  0.9807
                                                            7
  136 0000009E 62 7F           DCW              32610       ; 15 0x7f62  0.9951
                                                            8
  137 000000A0 FF 7F           DCW              32767       ; 16 0x7fff  0.9999
                                                            7
  138 000000A2 62 7F           DCW              32610       ; 17 0x7f62  0.9951
                                                            8
  139 000000A4 8A 7D           DCW              32138       ; 18 0x7d8a  0.9807
                                                            7
  140 000000A6 7D 7A           DCW              31357       ; 19 0x7a7d  0.9569
                                                            4
  141 000000A8 42 76           DCW              30274       ; 20 0x7642  0.9238
                                                            9
  142 000000AA E3 70           DCW              28899       ; 21 0x70e3  0.8819
                                                            3



ARM Macro Assembler    Page 5 


  143 000000AC 6E 6A           DCW              27246       ; 22 0x6a6e  0.8314
                                                            8
  144 000000AE F2 62           DCW              25330       ; 23 0x62f2  0.7730
                                                            1
  145 000000B0 82 5A           DCW              23170       ; 24 0x5a82  0.7070
                                                            9
  146 000000B2 34 51           DCW              20788       ; 25 0x5134  0.6344
                                                            0
  147 000000B4 1D 47           DCW              18205       ; 26 0x471d  0.5555
                                                            7
  148 000000B6 57 3C           DCW              15447       ; 27 0x3c57  0.4714
                                                            1
  149 000000B8 FC 30           DCW              12540       ; 28 0x30fc  0.3826
                                                            9
  150 000000BA 28 25           DCW              9512        ; 29 0x2528  0.2902
                                                            8
  151 000000BC F9 18           DCW              6393        ; 30 0x18f9  0.1951
                                                            0
  152 000000BE 8C 0C           DCW              3212        ; 31 0x0c8c  0.0980
                                                            2
  153 000000C0 00 00           DCW              0           ; 32 0x0000  0.0000
                                                            0
  154 000000C2 74 F3           DCW              -3212       ; 33 0xf374 -0.0980
                                                            2
  155 000000C4 07 E7           DCW              -6393       ; 34 0xe707 -0.1951
                                                            0
  156 000000C6 D8 DA           DCW              -9512       ; 35 0xdad8 -0.2902
                                                            8
  157 000000C8 04 CF           DCW              -12540      ; 36 0xcf04 -0.3826
                                                            9
  158 000000CA A9 C3           DCW              -15447      ; 37 0xc3a9 -0.4714
                                                            1
  159 000000CC E3 B8           DCW              -18205      ; 38 0xb8e3 -0.5555
                                                            7
  160 000000CE CC AE           DCW              -20788      ; 39 0xaecc -0.6344
                                                            0
  161 000000D0 7E A5           DCW              -23170      ; 40 0xa57e -0.7070
                                                            9
  162 000000D2 0E 9D           DCW              -25330      ; 41 0x9d0e -0.7730
                                                            1
  163 000000D4 92 95           DCW              -27246      ; 42 0x9592 -0.8314
                                                            8
  164 000000D6 1D 8F           DCW              -28899      ; 43 0x8f1d -0.8819
                                                            3
  165 000000D8 BE 89           DCW              -30274      ; 44 0x89be -0.9238
                                                            9
  166 000000DA 83 85           DCW              -31357      ; 45 0x8583 -0.9569
                                                            4
  167 000000DC 76 82           DCW              -32138      ; 46 0x8276 -0.9807
                                                            7
  168 000000DE 9E 80           DCW              -32610      ; 47 0x809e -0.9951
                                                            8
  169 000000E0 00 80           DCW              -32768      ; 48 0x8000 -1.0000
                                                            0
  170 000000E2 9E 80           DCW              -32610      ; 49 0x809e -0.9951
                                                            8
  171 000000E4 76 82           DCW              -32138      ; 50 0x8276 -0.9807
                                                            7
  172 000000E6 83 85           DCW              -31357      ; 51 0x8583 -0.9569



ARM Macro Assembler    Page 6 


                                                            4
  173 000000E8 BE 89           DCW              -30274      ; 52 0x89be -0.9238
                                                            9
  174 000000EA 1D 8F           DCW              -28899      ; 53 0x8f1d -0.8819
                                                            3
  175 000000EC 92 95           DCW              -27246      ; 54 0x9592 -0.8314
                                                            8
  176 000000EE 0E 9D           DCW              -25330      ; 55 0x9d0e -0.7730
                                                            1
  177 000000F0 7E A5           DCW              -23170      ; 56 0xa57e -0.7070
                                                            9
  178 000000F2 CC AE           DCW              -20788      ; 57 0xaecc -0.6344
                                                            0
  179 000000F4 E3 B8           DCW              -18205      ; 58 0xb8e3 -0.5555
                                                            7
  180 000000F6 A9 C3           DCW              -15447      ; 59 0xc3a9 -0.4714
                                                            1
  181 000000F8 04 CF           DCW              -12540      ; 60 0xcf04 -0.3826
                                                            9
  182 000000FA D8 DA           DCW              -9512       ; 61 0xdad8 -0.2902
                                                            8
  183 000000FC 07 E7           DCW              -6393       ; 62 0xe707 -0.1951
                                                            0
  184 000000FE 74 F3           DCW              -3212       ; 63 0xf374 -0.0980
                                                            2
  185 00000100         
  186 00000100                 END
Command Line: --debug --xref --diag_suppress=9931 --cpu=Cortex-M3 --apcs=interw
ork --depend=.\obj\dft.d -o.\obj\dft.o -I.\RTE\_Simu -IC:\Programdata\Keil\Arm\
Packs\ARM\CMSIS\5.7.0\CMSIS\Core\Include -IC:\Programdata\Keil\Arm\Packs\Keil\S
TM32F1xx_DFP\2.3.0\Device\Include --predefine="__EVAL SETA 1" --predefine="__MI
CROLIB SETA 1" --predefine="__UVISION_VERSION SETA 534" --predefine="_RTE_ SETA
 1" --predefine="STM32F10X_MD SETA 1" --predefine="_RTE_ SETA 1" --list=dft.lst
 Src\DFT.s



ARM Macro Assembler    Page 1 Alphabetic symbol ordering
Relocatable symbols

mesdata 00000000

Symbol: mesdata
   Definitions
      At line 7 in file Src\DFT.s
   Uses
      None
Comment: mesdata unused
1 symbol



ARM Macro Assembler    Page 1 Alphabetic symbol ordering
Relocatable symbols

maram 00000000

Symbol: maram
   Definitions
      At line 11 in file Src\DFT.s
   Uses
      None
Comment: maram unused
1 symbol



ARM Macro Assembler    Page 1 Alphabetic symbol ordering
Relocatable symbols

DFT_ModuleAuCarre 00000000

Symbol: DFT_ModuleAuCarre
   Definitions
      At line 27 in file Src\DFT.s
   Uses
      At line 25 in file Src\DFT.s
Comment: DFT_ModuleAuCarre used once
debut 00000016

Symbol: debut
   Definitions
      At line 34 in file Src\DFT.s
   Uses
      At line 41 in file Src\DFT.s
Comment: debut used once
fin 00000024

Symbol: fin
   Definitions
      At line 43 in file Src\DFT.s
   Uses
      At line 36 in file Src\DFT.s
Comment: fin used once
moncode 00000000

Symbol: moncode
   Definitions
      At line 20 in file Src\DFT.s
   Uses
      None
Comment: moncode unused
4 symbols



ARM Macro Assembler    Page 1 Alphabetic symbol ordering
Relocatable symbols

TabCos 00000000

Symbol: TabCos
   Definitions
      At line 55 in file Src\DFT.s
   Uses
      None
Comment: TabCos unused
TabSin 00000080

Symbol: TabSin
   Definitions
      At line 120 in file Src\DFT.s
   Uses
      None
Comment: TabSin unused
Trigo 00000000

Symbol: Trigo
   Definitions
      At line 52 in file Src\DFT.s
   Uses
      None
Comment: Trigo unused
3 symbols



ARM Macro Assembler    Page 1 Alphabetic symbol ordering
External symbols

LeSignal 00000000

Symbol: LeSignal
   Definitions
      At line 24 in file Src\DFT.s
   Uses
      At line 30 in file Src\DFT.s
Comment: LeSignal used once
1 symbol
347 symbols in table
