


ARM Macro Assembler    Page 1 


    1 00000000                 PRESERVE8
    2 00000000                 THUMB
    3 00000000         
    4 00000000         
    5 00000000         ; ====================== zone de réservation de données,
                         ======================================
    6 00000000         ;Section RAM (read only) :
    7 00000000                 area             mesdata,data,readonly
    8 00000000         
    9 00000000         
   10 00000000         ;Section RAM (read write):
   11 00000000                 area             maram,data,readwrite
   12 00000000         
   13 00000000         
   14 00000000         ; ======================================================
                       =========================================
   15 00000000         
   16 00000000         
   17 00000000         
   18 00000000         
   19 00000000         ;Section ROM code (read only) :  
   20 00000000                 area             moncode,code,readonly
   21 00000000         ; écrire le code ici  
   22 00000000         
   23 00000000         
   24 00000000                 IMPORT           LeSignal
   25 00000000                 EXPORT           DFT_ModuleAuCarre
   26 00000000         
   27 00000000         DFT_ModuleAuCarre
                               proc
   28 00000000 E92D 01F0       push             {r4-r8}
   29 00000004 F04F 0800       mov              r8 , #0     ; r0 va nous servir
                                                             d'index
   30 00000008         ; On garde l'adresse du signal dans r0
   31 00000008         ; On garde la valeur de k dans r1
   32 00000008 F04F 0200       mov              r2 , #0     ; On garde ici la s
                                                            omme reelle
   33 0000000C F04F 0300       mov              r3 , #0     ; On garde ici la s
                                                            omme imaginaire
   34 00000010 F04F 0540       mov              r5, #64
   35 00000014         debut
   36 00000014 45A8            cmp              r8, r5
   37 00000016 DA1A            bge              fin
   38 00000018         ;Cos
   39 00000018 4E10            ldr              r6,= TabCos ; Je lis l'adresse 
                                                            de TabCos
   40 0000001A FB01 F408       mul              r4, r1, r8  ; On multiplie n*k
   41 0000001E F004 043F       and              r4, r4, #63
   42 00000022 F936 7014       ldrsh            r7, [r6, r4, lsl#1] ; On lit la
                                                             valeur corresponda
                                                            nt dans TabCos
   43 00000026 F930 4018       ldrsh            r4 , [r0, r8, lsl#1] ; Je lis u
                                                            n element du signal
                                                            
   44 0000002A FB04 F407       mul              r4, r7
   45 0000002E 4422            add              r2, r4
   46 00000030         ;Sin
   47 00000030 4E0B            ldr              r6,= TabSin ; Je lis l'adresse 
                                                            de TabCos



ARM Macro Assembler    Page 2 


   48 00000032 FB01 F408       mul              r4, r1, r8  ; On multiplie n*k
   49 00000036 F004 043F       and              r4, r4, #63
   50 0000003A F936 7014       ldrsh            r7, [r6, r4, lsl#1] ; On lit la
                                                             valeur corresponda
                                                            nt dans TabSin
   51 0000003E F930 4018       ldrsh            r4 , [r0, r8, lsl#1] ; Je lis u
                                                            n element du signal
                                                            
   52 00000042 FB04 F407       mul              r4, r7
   53 00000046 4423            add              r3, r4
   54 00000048 F108 0801       add              r8, #1
   55 0000004C E7E2            b                debut
   56 0000004E         
   57 0000004E         fin
   58 0000004E FB82 1002       smull            r1,r0,r2,r2
   59 00000052 FBC3 1003       smlal            r1,r0,r3,r3
   60 00000056         ;smull r4,r5,r3,r3
   61 00000056         ;add r0,r5
   62 00000056         ;add r1,r4
   63 00000056         
   64 00000056         
   65 00000056 E8BD 01F0       pop              {r4-r8}
   66 0000005A 4770            bx               lr
   67 0000005C         
   68 0000005C                 endp
   69 0000005C         
   70 0000005C         
   71 0000005C         
   72 0000005C         ;Section ROM code (read only) :  
   73 0000005C 00000000 
              00000000         AREA             Trigo, DATA, READONLY
   74 00000000         ; codage fractionnaire 1.15
   75 00000000         
   76 00000000         TabCos
   77 00000000 FF 7F           DCW              32767       ;  0 0x7fff  0.9999
                                                            7
   78 00000002 62 7F           DCW              32610       ;  1 0x7f62  0.9951
                                                            8
   79 00000004 8A 7D           DCW              32138       ;  2 0x7d8a  0.9807
                                                            7
   80 00000006 7D 7A           DCW              31357       ;  3 0x7a7d  0.9569
                                                            4
   81 00000008 42 76           DCW              30274       ;  4 0x7642  0.9238
                                                            9
   82 0000000A E3 70           DCW              28899       ;  5 0x70e3  0.8819
                                                            3
   83 0000000C 6E 6A           DCW              27246       ;  6 0x6a6e  0.8314
                                                            8
   84 0000000E F2 62           DCW              25330       ;  7 0x62f2  0.7730
                                                            1
   85 00000010 82 5A           DCW              23170       ;  8 0x5a82  0.7070
                                                            9
   86 00000012 34 51           DCW              20788       ;  9 0x5134  0.6344
                                                            0
   87 00000014 1D 47           DCW              18205       ; 10 0x471d  0.5555
                                                            7
   88 00000016 57 3C           DCW              15447       ; 11 0x3c57  0.4714
                                                            1
   89 00000018 FC 30           DCW              12540       ; 12 0x30fc  0.3826



ARM Macro Assembler    Page 3 


                                                            9
   90 0000001A 28 25           DCW              9512        ; 13 0x2528  0.2902
                                                            8
   91 0000001C F9 18           DCW              6393        ; 14 0x18f9  0.1951
                                                            0
   92 0000001E 8C 0C           DCW              3212        ; 15 0x0c8c  0.0980
                                                            2
   93 00000020 00 00           DCW              0           ; 16 0x0000  0.0000
                                                            0
   94 00000022 74 F3           DCW              -3212       ; 17 0xf374 -0.0980
                                                            2
   95 00000024 07 E7           DCW              -6393       ; 18 0xe707 -0.1951
                                                            0
   96 00000026 D8 DA           DCW              -9512       ; 19 0xdad8 -0.2902
                                                            8
   97 00000028 04 CF           DCW              -12540      ; 20 0xcf04 -0.3826
                                                            9
   98 0000002A A9 C3           DCW              -15447      ; 21 0xc3a9 -0.4714
                                                            1
   99 0000002C E3 B8           DCW              -18205      ; 22 0xb8e3 -0.5555
                                                            7
  100 0000002E CC AE           DCW              -20788      ; 23 0xaecc -0.6344
                                                            0
  101 00000030 7E A5           DCW              -23170      ; 24 0xa57e -0.7070
                                                            9
  102 00000032 0E 9D           DCW              -25330      ; 25 0x9d0e -0.7730
                                                            1
  103 00000034 92 95           DCW              -27246      ; 26 0x9592 -0.8314
                                                            8
  104 00000036 1D 8F           DCW              -28899      ; 27 0x8f1d -0.8819
                                                            3
  105 00000038 BE 89           DCW              -30274      ; 28 0x89be -0.9238
                                                            9
  106 0000003A 83 85           DCW              -31357      ; 29 0x8583 -0.9569
                                                            4
  107 0000003C 76 82           DCW              -32138      ; 30 0x8276 -0.9807
                                                            7
  108 0000003E 9E 80           DCW              -32610      ; 31 0x809e -0.9951
                                                            8
  109 00000040 00 80           DCW              -32768      ; 32 0x8000 -1.0000
                                                            0
  110 00000042 9E 80           DCW              -32610      ; 33 0x809e -0.9951
                                                            8
  111 00000044 76 82           DCW              -32138      ; 34 0x8276 -0.9807
                                                            7
  112 00000046 83 85           DCW              -31357      ; 35 0x8583 -0.9569
                                                            4
  113 00000048 BE 89           DCW              -30274      ; 36 0x89be -0.9238
                                                            9
  114 0000004A 1D 8F           DCW              -28899      ; 37 0x8f1d -0.8819
                                                            3
  115 0000004C 92 95           DCW              -27246      ; 38 0x9592 -0.8314
                                                            8
  116 0000004E 0E 9D           DCW              -25330      ; 39 0x9d0e -0.7730
                                                            1
  117 00000050 7E A5           DCW              -23170      ; 40 0xa57e -0.7070
                                                            9
  118 00000052 CC AE           DCW              -20788      ; 41 0xaecc -0.6344
                                                            0



ARM Macro Assembler    Page 4 


  119 00000054 E3 B8           DCW              -18205      ; 42 0xb8e3 -0.5555
                                                            7
  120 00000056 A9 C3           DCW              -15447      ; 43 0xc3a9 -0.4714
                                                            1
  121 00000058 04 CF           DCW              -12540      ; 44 0xcf04 -0.3826
                                                            9
  122 0000005A D8 DA           DCW              -9512       ; 45 0xdad8 -0.2902
                                                            8
  123 0000005C 07 E7           DCW              -6393       ; 46 0xe707 -0.1951
                                                            0
  124 0000005E 74 F3           DCW              -3212       ; 47 0xf374 -0.0980
                                                            2
  125 00000060 00 00           DCW              0           ; 48 0x0000  0.0000
                                                            0
  126 00000062 8C 0C           DCW              3212        ; 49 0x0c8c  0.0980
                                                            2
  127 00000064 F9 18           DCW              6393        ; 50 0x18f9  0.1951
                                                            0
  128 00000066 28 25           DCW              9512        ; 51 0x2528  0.2902
                                                            8
  129 00000068 FC 30           DCW              12540       ; 52 0x30fc  0.3826
                                                            9
  130 0000006A 57 3C           DCW              15447       ; 53 0x3c57  0.4714
                                                            1
  131 0000006C 1D 47           DCW              18205       ; 54 0x471d  0.5555
                                                            7
  132 0000006E 34 51           DCW              20788       ; 55 0x5134  0.6344
                                                            0
  133 00000070 82 5A           DCW              23170       ; 56 0x5a82  0.7070
                                                            9
  134 00000072 F2 62           DCW              25330       ; 57 0x62f2  0.7730
                                                            1
  135 00000074 6E 6A           DCW              27246       ; 58 0x6a6e  0.8314
                                                            8
  136 00000076 E3 70           DCW              28899       ; 59 0x70e3  0.8819
                                                            3
  137 00000078 42 76           DCW              30274       ; 60 0x7642  0.9238
                                                            9
  138 0000007A 7D 7A           DCW              31357       ; 61 0x7a7d  0.9569
                                                            4
  139 0000007C 8A 7D           DCW              32138       ; 62 0x7d8a  0.9807
                                                            7
  140 0000007E 62 7F           DCW              32610       ; 63 0x7f62  0.9951
                                                            8
  141 00000080         TabSin
  142 00000080 00 00           DCW              0           ;  0 0x0000  0.0000
                                                            0
  143 00000082 8C 0C           DCW              3212        ;  1 0x0c8c  0.0980
                                                            2
  144 00000084 F9 18           DCW              6393        ;  2 0x18f9  0.1951
                                                            0
  145 00000086 28 25           DCW              9512        ;  3 0x2528  0.2902
                                                            8
  146 00000088 FC 30           DCW              12540       ;  4 0x30fc  0.3826
                                                            9
  147 0000008A 57 3C           DCW              15447       ;  5 0x3c57  0.4714
                                                            1
  148 0000008C 1D 47           DCW              18205       ;  6 0x471d  0.5555
                                                            7



ARM Macro Assembler    Page 5 


  149 0000008E 34 51           DCW              20788       ;  7 0x5134  0.6344
                                                            0
  150 00000090 82 5A           DCW              23170       ;  8 0x5a82  0.7070
                                                            9
  151 00000092 F2 62           DCW              25330       ;  9 0x62f2  0.7730
                                                            1
  152 00000094 6E 6A           DCW              27246       ; 10 0x6a6e  0.8314
                                                            8
  153 00000096 E3 70           DCW              28899       ; 11 0x70e3  0.8819
                                                            3
  154 00000098 42 76           DCW              30274       ; 12 0x7642  0.9238
                                                            9
  155 0000009A 7D 7A           DCW              31357       ; 13 0x7a7d  0.9569
                                                            4
  156 0000009C 8A 7D           DCW              32138       ; 14 0x7d8a  0.9807
                                                            7
  157 0000009E 62 7F           DCW              32610       ; 15 0x7f62  0.9951
                                                            8
  158 000000A0 FF 7F           DCW              32767       ; 16 0x7fff  0.9999
                                                            7
  159 000000A2 62 7F           DCW              32610       ; 17 0x7f62  0.9951
                                                            8
  160 000000A4 8A 7D           DCW              32138       ; 18 0x7d8a  0.9807
                                                            7
  161 000000A6 7D 7A           DCW              31357       ; 19 0x7a7d  0.9569
                                                            4
  162 000000A8 42 76           DCW              30274       ; 20 0x7642  0.9238
                                                            9
  163 000000AA E3 70           DCW              28899       ; 21 0x70e3  0.8819
                                                            3
  164 000000AC 6E 6A           DCW              27246       ; 22 0x6a6e  0.8314
                                                            8
  165 000000AE F2 62           DCW              25330       ; 23 0x62f2  0.7730
                                                            1
  166 000000B0 82 5A           DCW              23170       ; 24 0x5a82  0.7070
                                                            9
  167 000000B2 34 51           DCW              20788       ; 25 0x5134  0.6344
                                                            0
  168 000000B4 1D 47           DCW              18205       ; 26 0x471d  0.5555
                                                            7
  169 000000B6 57 3C           DCW              15447       ; 27 0x3c57  0.4714
                                                            1
  170 000000B8 FC 30           DCW              12540       ; 28 0x30fc  0.3826
                                                            9
  171 000000BA 28 25           DCW              9512        ; 29 0x2528  0.2902
                                                            8
  172 000000BC F9 18           DCW              6393        ; 30 0x18f9  0.1951
                                                            0
  173 000000BE 8C 0C           DCW              3212        ; 31 0x0c8c  0.0980
                                                            2
  174 000000C0 00 00           DCW              0           ; 32 0x0000  0.0000
                                                            0
  175 000000C2 74 F3           DCW              -3212       ; 33 0xf374 -0.0980
                                                            2
  176 000000C4 07 E7           DCW              -6393       ; 34 0xe707 -0.1951
                                                            0
  177 000000C6 D8 DA           DCW              -9512       ; 35 0xdad8 -0.2902
                                                            8
  178 000000C8 04 CF           DCW              -12540      ; 36 0xcf04 -0.3826



ARM Macro Assembler    Page 6 


                                                            9
  179 000000CA A9 C3           DCW              -15447      ; 37 0xc3a9 -0.4714
                                                            1
  180 000000CC E3 B8           DCW              -18205      ; 38 0xb8e3 -0.5555
                                                            7
  181 000000CE CC AE           DCW              -20788      ; 39 0xaecc -0.6344
                                                            0
  182 000000D0 7E A5           DCW              -23170      ; 40 0xa57e -0.7070
                                                            9
  183 000000D2 0E 9D           DCW              -25330      ; 41 0x9d0e -0.7730
                                                            1
  184 000000D4 92 95           DCW              -27246      ; 42 0x9592 -0.8314
                                                            8
  185 000000D6 1D 8F           DCW              -28899      ; 43 0x8f1d -0.8819
                                                            3
  186 000000D8 BE 89           DCW              -30274      ; 44 0x89be -0.9238
                                                            9
  187 000000DA 83 85           DCW              -31357      ; 45 0x8583 -0.9569
                                                            4
  188 000000DC 76 82           DCW              -32138      ; 46 0x8276 -0.9807
                                                            7
  189 000000DE 9E 80           DCW              -32610      ; 47 0x809e -0.9951
                                                            8
  190 000000E0 00 80           DCW              -32768      ; 48 0x8000 -1.0000
                                                            0
  191 000000E2 9E 80           DCW              -32610      ; 49 0x809e -0.9951
                                                            8
  192 000000E4 76 82           DCW              -32138      ; 50 0x8276 -0.9807
                                                            7
  193 000000E6 83 85           DCW              -31357      ; 51 0x8583 -0.9569
                                                            4
  194 000000E8 BE 89           DCW              -30274      ; 52 0x89be -0.9238
                                                            9
  195 000000EA 1D 8F           DCW              -28899      ; 53 0x8f1d -0.8819
                                                            3
  196 000000EC 92 95           DCW              -27246      ; 54 0x9592 -0.8314
                                                            8
  197 000000EE 0E 9D           DCW              -25330      ; 55 0x9d0e -0.7730
                                                            1
  198 000000F0 7E A5           DCW              -23170      ; 56 0xa57e -0.7070
                                                            9
  199 000000F2 CC AE           DCW              -20788      ; 57 0xaecc -0.6344
                                                            0
  200 000000F4 E3 B8           DCW              -18205      ; 58 0xb8e3 -0.5555
                                                            7
  201 000000F6 A9 C3           DCW              -15447      ; 59 0xc3a9 -0.4714
                                                            1
  202 000000F8 04 CF           DCW              -12540      ; 60 0xcf04 -0.3826
                                                            9
  203 000000FA D8 DA           DCW              -9512       ; 61 0xdad8 -0.2902
                                                            8
  204 000000FC 07 E7           DCW              -6393       ; 62 0xe707 -0.1951
                                                            0
  205 000000FE 74 F3           DCW              -3212       ; 63 0xf374 -0.0980
                                                            2
  206 00000100         
  207 00000100                 END
Command Line: --debug --xref --diag_suppress=9931 --cpu=Cortex-M3 --apcs=interw
ork --depend=.\obj\dft.d -o.\obj\dft.o -I.\Driver -I.\RTE\_CibleSondeKEIL -IC:\



ARM Macro Assembler    Page 7 


Programdata\Keil\Arm\Packs\ARM\CMSIS\5.7.0\CMSIS\Core\Include -IC:\Programdata\
Keil\Arm\Packs\Keil\STM32F1xx_DFP\2.3.0\Device\Include --predefine="__EVAL SETA
 1" --predefine="__MICROLIB SETA 1" --predefine="__UVISION_VERSION SETA 534" --
predefine="_RTE_ SETA 1" --predefine="STM32F10X_MD SETA 1" --predefine="_RTE_ S
ETA 1" --list=dft.lst Src\DFT.s



ARM Macro Assembler    Page 1 Alphabetic symbol ordering
Relocatable symbols

mesdata 00000000

Symbol: mesdata
   Definitions
      At line 7 in file Src\DFT.s
   Uses
      None
Comment: mesdata unused
1 symbol



ARM Macro Assembler    Page 1 Alphabetic symbol ordering
Relocatable symbols

maram 00000000

Symbol: maram
   Definitions
      At line 11 in file Src\DFT.s
   Uses
      None
Comment: maram unused
1 symbol



ARM Macro Assembler    Page 1 Alphabetic symbol ordering
Relocatable symbols

DFT_ModuleAuCarre 00000000

Symbol: DFT_ModuleAuCarre
   Definitions
      At line 27 in file Src\DFT.s
   Uses
      At line 25 in file Src\DFT.s
Comment: DFT_ModuleAuCarre used once
debut 00000014

Symbol: debut
   Definitions
      At line 35 in file Src\DFT.s
   Uses
      At line 55 in file Src\DFT.s
Comment: debut used once
fin 0000004E

Symbol: fin
   Definitions
      At line 57 in file Src\DFT.s
   Uses
      At line 37 in file Src\DFT.s
Comment: fin used once
moncode 00000000

Symbol: moncode
   Definitions
      At line 20 in file Src\DFT.s
   Uses
      None
Comment: moncode unused
4 symbols



ARM Macro Assembler    Page 1 Alphabetic symbol ordering
Relocatable symbols

TabCos 00000000

Symbol: TabCos
   Definitions
      At line 76 in file Src\DFT.s
   Uses
      At line 39 in file Src\DFT.s
Comment: TabCos used once
TabSin 00000080

Symbol: TabSin
   Definitions
      At line 141 in file Src\DFT.s
   Uses
      At line 47 in file Src\DFT.s
Comment: TabSin used once
Trigo 00000000

Symbol: Trigo
   Definitions
      At line 73 in file Src\DFT.s
   Uses
      None
Comment: Trigo unused
3 symbols



ARM Macro Assembler    Page 1 Alphabetic symbol ordering
External symbols

LeSignal 00000000

Symbol: LeSignal
   Definitions
      At line 24 in file Src\DFT.s
   Uses
      None
Comment: LeSignal unused
1 symbol
347 symbols in table
